                                                ____                 _ __          
                                               /  _/__  ___ ________(_) /  ___ ____
                                              _/ // _ \(_-</ __/ __/ / _ \/ -_) __/
                                             /___/_//_/___/\__/_/ /_/_.__/\__/_/   
                                          -------------------------------------------
-----------------------------------------|INFO LOG FILE OF 2020-10-17T11:52:16-07:00|------------------------------------------------
                                          -------------------------------------------
(October 17th 2020, 11:52:16 am) [ C:\Users\korea\repos\Mika\src\index.js ] => Event ready was loaded.
(October 17th 2020, 11:52:16 am) [ C:\Users\korea\repos\Mika\src\index.js ] => Event message was loaded.
(October 17th 2020, 11:52:16 am) [ C:\Users\korea\repos\Mika\src\index.js ] => Command afk was loaded
(October 17th 2020, 11:52:16 am) [ C:\Users\korea\repos\Mika\src\index.js ] => Command ping was loaded
(October 17th 2020, 11:52:16 am) [ C:\Users\korea\repos\Mika\src\index.js ] => Command profile was loaded
(October 17th 2020, 11:52:16 am) [ C:\Users\korea\repos\Mika\src\index.js ] => Command vote was loaded
(October 17th 2020, 11:52:16 am) [ C:\Users\korea\repos\Mika\src\index.js ] => Command daily was loaded
(October 17th 2020, 11:52:16 am) [ C:\Users\korea\repos\Mika\src\index.js ] => Command leaderboard was loaded
(October 17th 2020, 11:52:16 am) [ C:\Users\korea\repos\Mika\src\index.js ] => Command help was loaded
(October 17th 2020, 11:52:17 am) [ C:\Users\korea\repos\Mika\src\index.js ] => Mika is ready
(October 17th 2020, 1:22:44 pm) [ C:\Users\korea\repos\Mika\src\index.js ] => Event ready was loaded.
(October 17th 2020, 1:22:44 pm) [ C:\Users\korea\repos\Mika\src\index.js ] => Event message was loaded.
(October 17th 2020, 1:22:44 pm) [ C:\Users\korea\repos\Mika\src\index.js ] => Command afk was loaded
(October 17th 2020, 1:22:44 pm) [ C:\Users\korea\repos\Mika\src\index.js ] => Command ping was loaded
(October 17th 2020, 1:22:44 pm) [ C:\Users\korea\repos\Mika\src\index.js ] => Command profile was loaded
(October 17th 2020, 1:22:44 pm) [ C:\Users\korea\repos\Mika\src\index.js ] => Command vote was loaded
(October 17th 2020, 1:22:44 pm) [ C:\Users\korea\repos\Mika\src\index.js ] => Command daily was loaded
(October 17th 2020, 1:22:44 pm) [ C:\Users\korea\repos\Mika\src\index.js ] => Command leaderboard was loaded
(October 17th 2020, 1:22:44 pm) [ C:\Users\korea\repos\Mika\src\index.js ] => Command shop was loaded
(October 17th 2020, 1:22:44 pm) [ C:\Users\korea\repos\Mika\src\index.js ] => Command help was loaded
(October 17th 2020, 1:22:44 pm) [ C:\Users\korea\repos\Mika\src\index.js ] => Command additem was loaded
(October 17th 2020, 1:22:45 pm) [ C:\Users\korea\repos\Mika\src\index.js ] => Mika Test is ready
(October 17th 2020, 1:24:25 pm) [ C:\Users\korea\repos\Mika\src\index.js ] => Event ready was loaded.
(October 17th 2020, 1:24:25 pm) [ C:\Users\korea\repos\Mika\src\index.js ] => Event message was loaded.
(October 17th 2020, 1:24:25 pm) [ C:\Users\korea\repos\Mika\src\index.js ] => Command afk was loaded
(October 17th 2020, 1:24:25 pm) [ C:\Users\korea\repos\Mika\src\index.js ] => Command ping was loaded
(October 17th 2020, 1:24:25 pm) [ C:\Users\korea\repos\Mika\src\index.js ] => Command profile was loaded
(October 17th 2020, 1:24:25 pm) [ C:\Users\korea\repos\Mika\src\index.js ] => Command vote was loaded
(October 17th 2020, 1:24:25 pm) [ C:\Users\korea\repos\Mika\src\index.js ] => Command daily was loaded
(October 17th 2020, 1:24:25 pm) [ C:\Users\korea\repos\Mika\src\index.js ] => Command leaderboard was loaded
(October 17th 2020, 1:24:25 pm) [ C:\Users\korea\repos\Mika\src\index.js ] => Command shop was loaded
(October 17th 2020, 1:24:25 pm) [ C:\Users\korea\repos\Mika\src\index.js ] => Command help was loaded
(October 17th 2020, 1:24:25 pm) [ C:\Users\korea\repos\Mika\src\index.js ] => Command additem was loaded
(October 17th 2020, 1:24:26 pm) [ C:\Users\korea\repos\Mika\src\index.js ] => Mika Test is ready
(October 17th 2020, 1:25:08 pm) [ C:\Users\korea\repos\Mika\src\index.js ] => Event ready was loaded.
(October 17th 2020, 1:25:08 pm) [ C:\Users\korea\repos\Mika\src\index.js ] => Event message was loaded.
(October 17th 2020, 1:25:08 pm) [ C:\Users\korea\repos\Mika\src\index.js ] => Command afk was loaded
(October 17th 2020, 1:25:08 pm) [ C:\Users\korea\repos\Mika\src\index.js ] => Command ping was loaded
(October 17th 2020, 1:25:08 pm) [ C:\Users\korea\repos\Mika\src\index.js ] => Command profile was loaded
(October 17th 2020, 1:25:08 pm) [ C:\Users\korea\repos\Mika\src\index.js ] => Command vote was loaded
(October 17th 2020, 1:25:08 pm) [ C:\Users\korea\repos\Mika\src\index.js ] => Command daily was loaded
(October 17th 2020, 1:25:08 pm) [ C:\Users\korea\repos\Mika\src\index.js ] => Command leaderboard was loaded
(October 17th 2020, 1:25:08 pm) [ C:\Users\korea\repos\Mika\src\index.js ] => Command shop was loaded
(October 17th 2020, 1:25:08 pm) [ C:\Users\korea\repos\Mika\src\index.js ] => Command help was loaded
(October 17th 2020, 1:25:08 pm) [ C:\Users\korea\repos\Mika\src\index.js ] => Command additem was loaded
(October 17th 2020, 1:25:08 pm) [ C:\Users\korea\repos\Mika\src\index.js ] => Mika Test is ready
(October 17th 2020, 1:29:01 pm) [ C:\Users\korea\repos\Mika\src\index.js ] => Event ready was loaded.
(October 17th 2020, 1:29:01 pm) [ C:\Users\korea\repos\Mika\src\index.js ] => Event message was loaded.
(October 17th 2020, 1:29:01 pm) [ C:\Users\korea\repos\Mika\src\index.js ] => Command afk was loaded
(October 17th 2020, 1:29:01 pm) [ C:\Users\korea\repos\Mika\src\index.js ] => Command ping was loaded
(October 17th 2020, 1:29:01 pm) [ C:\Users\korea\repos\Mika\src\index.js ] => Command profile was loaded
(October 17th 2020, 1:29:01 pm) [ C:\Users\korea\repos\Mika\src\index.js ] => Command vote was loaded
(October 17th 2020, 1:29:01 pm) [ C:\Users\korea\repos\Mika\src\index.js ] => Command daily was loaded
(October 17th 2020, 1:29:01 pm) [ C:\Users\korea\repos\Mika\src\index.js ] => Command leaderboard was loaded
--------------------------------------------------------------------------------------------------------------------------------------
(October 17th 2020, 1:29:07 pm) [ C:\Users\korea\repos\Mika\src\index.js ] => Event ready was loaded.
(October 17th 2020, 1:29:07 pm) [ C:\Users\korea\repos\Mika\src\index.js ] => Event message was loaded.
(October 17th 2020, 1:29:07 pm) [ C:\Users\korea\repos\Mika\src\index.js ] => Command afk was loaded
(October 17th 2020, 1:29:07 pm) [ C:\Users\korea\repos\Mika\src\index.js ] => Command ping was loaded
(October 17th 2020, 1:29:07 pm) [ C:\Users\korea\repos\Mika\src\index.js ] => Command profile was loaded
(October 17th 2020, 1:29:07 pm) [ C:\Users\korea\repos\Mika\src\index.js ] => Command vote was loaded
(October 17th 2020, 1:29:07 pm) [ C:\Users\korea\repos\Mika\src\index.js ] => Command daily was loaded
(October 17th 2020, 1:29:07 pm) [ C:\Users\korea\repos\Mika\src\index.js ] => Command leaderboard was loaded
(October 17th 2020, 1:29:07 pm) [ C:\Users\korea\repos\Mika\src\index.js ] => Command shop was loaded
(October 17th 2020, 1:29:07 pm) [ C:\Users\korea\repos\Mika\src\index.js ] => Command help was loaded
(October 17th 2020, 1:29:07 pm) [ C:\Users\korea\repos\Mika\src\index.js ] => Command additem was loaded
(October 17th 2020, 1:29:08 pm) [ C:\Users\korea\repos\Mika\src\index.js ] => Mika Test is ready
(October 17th 2020, 1:29:55 pm) [ C:\Users\korea\repos\Mika\src\index.js ] => Event ready was loaded.
(October 17th 2020, 1:29:55 pm) [ C:\Users\korea\repos\Mika\src\index.js ] => Event message was loaded.
(October 17th 2020, 1:29:55 pm) [ C:\Users\korea\repos\Mika\src\index.js ] => Command afk was loaded
(October 17th 2020, 1:29:55 pm) [ C:\Users\korea\repos\Mika\src\index.js ] => Command ping was loaded
(October 17th 2020, 1:29:55 pm) [ C:\Users\korea\repos\Mika\src\index.js ] => Command profile was loaded
(October 17th 2020, 1:29:55 pm) [ C:\Users\korea\repos\Mika\src\index.js ] => Command vote was loaded
(October 17th 2020, 1:29:55 pm) [ C:\Users\korea\repos\Mika\src\index.js ] => Command daily was loaded
(October 17th 2020, 1:29:55 pm) [ C:\Users\korea\repos\Mika\src\index.js ] => Command leaderboard was loaded
(October 17th 2020, 1:29:55 pm) [ C:\Users\korea\repos\Mika\src\index.js ] => Command shop was loaded
(October 17th 2020, 1:29:55 pm) [ C:\Users\korea\repos\Mika\src\index.js ] => Command help was loaded
(October 17th 2020, 1:29:55 pm) [ C:\Users\korea\repos\Mika\src\index.js ] => Command additem was loaded
(October 17th 2020, 1:29:56 pm) [ C:\Users\korea\repos\Mika\src\index.js ] => Mika Test is ready
(October 17th 2020, 1:30:17 pm) [ C:\Users\korea\repos\Mika\src\index.js ] => Event ready was loaded.
(October 17th 2020, 1:30:17 pm) [ C:\Users\korea\repos\Mika\src\index.js ] => Event message was loaded.
(October 17th 2020, 1:30:17 pm) [ C:\Users\korea\repos\Mika\src\index.js ] => Command afk was loaded
(October 17th 2020, 1:30:17 pm) [ C:\Users\korea\repos\Mika\src\index.js ] => Command ping was loaded
(October 17th 2020, 1:30:17 pm) [ C:\Users\korea\repos\Mika\src\index.js ] => Command profile was loaded
(October 17th 2020, 1:30:17 pm) [ C:\Users\korea\repos\Mika\src\index.js ] => Command vote was loaded
(October 17th 2020, 1:30:17 pm) [ C:\Users\korea\repos\Mika\src\index.js ] => Command daily was loaded
(October 17th 2020, 1:30:17 pm) [ C:\Users\korea\repos\Mika\src\index.js ] => Command leaderboard was loaded
(October 17th 2020, 1:30:17 pm) [ C:\Users\korea\repos\Mika\src\index.js ] => Command shop was loaded
(October 17th 2020, 1:30:17 pm) [ C:\Users\korea\repos\Mika\src\index.js ] => Command help was loaded
(October 17th 2020, 1:30:17 pm) [ C:\Users\korea\repos\Mika\src\index.js ] => Command additem was loaded
(October 17th 2020, 1:30:18 pm) [ C:\Users\korea\repos\Mika\src\index.js ] => Mika Test is ready
(October 17th 2020, 1:31:02 pm) [ C:\Users\korea\repos\Mika\src\index.js ] => Event ready was loaded.
(October 17th 2020, 1:31:02 pm) [ C:\Users\korea\repos\Mika\src\index.js ] => Event message was loaded.
(October 17th 2020, 1:31:02 pm) [ C:\Users\korea\repos\Mika\src\index.js ] => Command afk was loaded
(October 17th 2020, 1:31:02 pm) [ C:\Users\korea\repos\Mika\src\index.js ] => Command ping was loaded
(October 17th 2020, 1:31:02 pm) [ C:\Users\korea\repos\Mika\src\index.js ] => Command profile was loaded
(October 17th 2020, 1:31:02 pm) [ C:\Users\korea\repos\Mika\src\index.js ] => Command vote was loaded
(October 17th 2020, 1:31:02 pm) [ C:\Users\korea\repos\Mika\src\index.js ] => Command daily was loaded
(October 17th 2020, 1:31:02 pm) [ C:\Users\korea\repos\Mika\src\index.js ] => Command leaderboard was loaded
(October 17th 2020, 1:31:02 pm) [ C:\Users\korea\repos\Mika\src\index.js ] => Command shop was loaded
(October 17th 2020, 1:31:02 pm) [ C:\Users\korea\repos\Mika\src\index.js ] => Command help was loaded
(October 17th 2020, 1:31:02 pm) [ C:\Users\korea\repos\Mika\src\index.js ] => Command additem was loaded
(October 17th 2020, 1:31:03 pm) [ C:\Users\korea\repos\Mika\src\index.js ] => Mika Test is ready
(October 17th 2020, 1:31:20 pm) [ C:\Users\korea\repos\Mika\src\index.js ] => Event ready was loaded.
(October 17th 2020, 1:31:20 pm) [ C:\Users\korea\repos\Mika\src\index.js ] => Event message was loaded.
(October 17th 2020, 1:31:20 pm) [ C:\Users\korea\repos\Mika\src\index.js ] => Command afk was loaded
(October 17th 2020, 1:31:20 pm) [ C:\Users\korea\repos\Mika\src\index.js ] => Command ping was loaded
(October 17th 2020, 1:31:20 pm) [ C:\Users\korea\repos\Mika\src\index.js ] => Command profile was loaded
(October 17th 2020, 1:31:20 pm) [ C:\Users\korea\repos\Mika\src\index.js ] => Command vote was loaded
(October 17th 2020, 1:31:20 pm) [ C:\Users\korea\repos\Mika\src\index.js ] => Command daily was loaded
(October 17th 2020, 1:31:20 pm) [ C:\Users\korea\repos\Mika\src\index.js ] => Command leaderboard was loaded
(October 17th 2020, 1:31:20 pm) [ C:\Users\korea\repos\Mika\src\index.js ] => Command shop was loaded
(October 17th 2020, 1:31:20 pm) [ C:\Users\korea\repos\Mika\src\index.js ] => Command help was loaded
(October 17th 2020, 1:31:20 pm) [ C:\Users\korea\repos\Mika\src\index.js ] => Command additem was loaded
(October 17th 2020, 1:31:21 pm) [ C:\Users\korea\repos\Mika\src\index.js ] => Mika Test is ready
(October 17th 2020, 1:31:51 pm) [ C:\Users\korea\repos\Mika\src\index.js ] => Event ready was loaded.
(October 17th 2020, 1:31:51 pm) [ C:\Users\korea\repos\Mika\src\index.js ] => Event message was loaded.
(October 17th 2020, 1:31:51 pm) [ C:\Users\korea\repos\Mika\src\index.js ] => Command afk was loaded
(October 17th 2020, 1:31:51 pm) [ C:\Users\korea\repos\Mika\src\index.js ] => Command ping was loaded
(October 17th 2020, 1:31:51 pm) [ C:\Users\korea\repos\Mika\src\index.js ] => Command profile was loaded
(October 17th 2020, 1:31:51 pm) [ C:\Users\korea\repos\Mika\src\index.js ] => Command vote was loaded
(October 17th 2020, 1:31:52 pm) [ C:\Users\korea\repos\Mika\src\index.js ] => Command daily was loaded
(October 17th 2020, 1:31:52 pm) [ C:\Users\korea\repos\Mika\src\index.js ] => Command leaderboard was loaded
(October 17th 2020, 1:31:52 pm) [ C:\Users\korea\repos\Mika\src\index.js ] => Command shop was loaded
(October 17th 2020, 1:31:52 pm) [ C:\Users\korea\repos\Mika\src\index.js ] => Command help was loaded
(October 17th 2020, 1:31:52 pm) [ C:\Users\korea\repos\Mika\src\index.js ] => Command additem was loaded
(October 17th 2020, 1:31:52 pm) [ C:\Users\korea\repos\Mika\src\index.js ] => Mika Test is ready
(October 17th 2020, 1:37:11 pm) [ C:\Users\korea\repos\Mika\src\index.js ] => Event ready was loaded.
(October 17th 2020, 1:37:11 pm) [ C:\Users\korea\repos\Mika\src\index.js ] => Event message was loaded.
(October 17th 2020, 1:37:11 pm) [ C:\Users\korea\repos\Mika\src\index.js ] => Command afk was loaded
(October 17th 2020, 1:37:11 pm) [ C:\Users\korea\repos\Mika\src\index.js ] => Command ping was loaded
(October 17th 2020, 1:37:11 pm) [ C:\Users\korea\repos\Mika\src\index.js ] => Command profile was loaded
(October 17th 2020, 1:37:11 pm) [ C:\Users\korea\repos\Mika\src\index.js ] => Command vote was loaded
(October 17th 2020, 1:37:11 pm) [ C:\Users\korea\repos\Mika\src\index.js ] => Command daily was loaded
(October 17th 2020, 1:37:11 pm) [ C:\Users\korea\repos\Mika\src\index.js ] => Command leaderboard was loaded
(October 17th 2020, 1:37:11 pm) [ C:\Users\korea\repos\Mika\src\index.js ] => Command shop was loaded
(October 17th 2020, 1:37:11 pm) [ C:\Users\korea\repos\Mika\src\index.js ] => Command help was loaded
(October 17th 2020, 1:37:11 pm) [ C:\Users\korea\repos\Mika\src\index.js ] => Command additem was loaded
(October 17th 2020, 1:37:12 pm) [ C:\Users\korea\repos\Mika\src\index.js ] => Mika Test is ready
(October 17th 2020, 1:38:23 pm) [ C:\Users\korea\repos\Mika\src\index.js ] => Event ready was loaded.
(October 17th 2020, 1:38:23 pm) [ C:\Users\korea\repos\Mika\src\index.js ] => Event message was loaded.
(October 17th 2020, 1:38:23 pm) [ C:\Users\korea\repos\Mika\src\index.js ] => Command afk was loaded
(October 17th 2020, 1:38:23 pm) [ C:\Users\korea\repos\Mika\src\index.js ] => Command ping was loaded
(October 17th 2020, 1:38:23 pm) [ C:\Users\korea\repos\Mika\src\index.js ] => Command profile was loaded
(October 17th 2020, 1:38:23 pm) [ C:\Users\korea\repos\Mika\src\index.js ] => Command vote was loaded
(October 17th 2020, 1:38:23 pm) [ C:\Users\korea\repos\Mika\src\index.js ] => Command daily was loaded
(October 17th 2020, 1:38:23 pm) [ C:\Users\korea\repos\Mika\src\index.js ] => Command leaderboard was loaded
(October 17th 2020, 1:38:23 pm) [ C:\Users\korea\repos\Mika\src\index.js ] => Command shop was loaded
(October 17th 2020, 1:38:23 pm) [ C:\Users\korea\repos\Mika\src\index.js ] => Command help was loaded
(October 17th 2020, 1:38:23 pm) [ C:\Users\korea\repos\Mika\src\index.js ] => Command additem was loaded
(October 17th 2020, 1:38:24 pm) [ C:\Users\korea\repos\Mika\src\index.js ] => Mika Test is ready
(October 17th 2020, 9:40:01 pm) [ C:\Users\korea\repos\Mika\src\index.js ] => Event ready was loaded.
(October 17th 2020, 9:40:01 pm) [ C:\Users\korea\repos\Mika\src\index.js ] => Event message was loaded.
(October 17th 2020, 9:40:01 pm) [ C:\Users\korea\repos\Mika\src\index.js ] => Command afk was loaded
(October 17th 2020, 9:40:01 pm) [ C:\Users\korea\repos\Mika\src\index.js ] => Command ping was loaded
(October 17th 2020, 9:40:01 pm) [ C:\Users\korea\repos\Mika\src\index.js ] => Command profile was loaded
(October 17th 2020, 9:40:01 pm) [ C:\Users\korea\repos\Mika\src\index.js ] => Command vote was loaded
(October 17th 2020, 9:40:01 pm) [ C:\Users\korea\repos\Mika\src\index.js ] => Command daily was loaded
(October 17th 2020, 9:40:01 pm) [ C:\Users\korea\repos\Mika\src\index.js ] => Command leaderboard was loaded
(October 17th 2020, 9:40:01 pm) [ C:\Users\korea\repos\Mika\src\index.js ] => Command shop was loaded
(October 17th 2020, 9:40:01 pm) [ C:\Users\korea\repos\Mika\src\index.js ] => Command help was loaded
(October 17th 2020, 9:40:01 pm) [ C:\Users\korea\repos\Mika\src\index.js ] => Command additem was loaded
(October 17th 2020, 9:40:02 pm) [ C:\Users\korea\repos\Mika\src\index.js ] => Mika Test is ready
(October 17th 2020, 9:48:15 pm) [ C:\Users\korea\repos\Mika\src\index.js ] => Event ready was loaded.
(October 17th 2020, 9:48:15 pm) [ C:\Users\korea\repos\Mika\src\index.js ] => Event message was loaded.
(October 17th 2020, 9:48:15 pm) [ C:\Users\korea\repos\Mika\src\index.js ] => Command afk was loaded
(October 17th 2020, 9:48:15 pm) [ C:\Users\korea\repos\Mika\src\index.js ] => Command ping was loaded
(October 17th 2020, 9:48:15 pm) [ C:\Users\korea\repos\Mika\src\index.js ] => Command profile was loaded
(October 17th 2020, 9:48:15 pm) [ C:\Users\korea\repos\Mika\src\index.js ] => Command vote was loaded
(October 17th 2020, 9:48:15 pm) [ C:\Users\korea\repos\Mika\src\index.js ] => Command daily was loaded
(October 17th 2020, 9:48:15 pm) [ C:\Users\korea\repos\Mika\src\index.js ] => Command leaderboard was loaded
(October 17th 2020, 9:48:15 pm) [ C:\Users\korea\repos\Mika\src\index.js ] => Command shop was loaded
(October 17th 2020, 9:48:15 pm) [ C:\Users\korea\repos\Mika\src\index.js ] => Command help was loaded
(October 17th 2020, 9:48:15 pm) [ C:\Users\korea\repos\Mika\src\index.js ] => Command additem was loaded
(October 17th 2020, 9:48:15 pm) [ C:\Users\korea\repos\Mika\src\index.js ] => Command edititem was loaded
(October 17th 2020, 9:48:15 pm) [ C:\Users\korea\repos\Mika\src\index.js ] => Mika Test is ready
(October 17th 2020, 9:53:33 pm) [ C:\Users\korea\repos\Mika\src\index.js ] => Event ready was loaded.
(October 17th 2020, 9:53:33 pm) [ C:\Users\korea\repos\Mika\src\index.js ] => Event message was loaded.
(October 17th 2020, 9:53:33 pm) [ C:\Users\korea\repos\Mika\src\index.js ] => Command afk was loaded
(October 17th 2020, 9:53:33 pm) [ C:\Users\korea\repos\Mika\src\index.js ] => Command ping was loaded
(October 17th 2020, 9:53:33 pm) [ C:\Users\korea\repos\Mika\src\index.js ] => Command profile was loaded
(October 17th 2020, 9:53:33 pm) [ C:\Users\korea\repos\Mika\src\index.js ] => Command vote was loaded
(October 17th 2020, 9:53:33 pm) [ C:\Users\korea\repos\Mika\src\index.js ] => Command daily was loaded
(October 17th 2020, 9:53:33 pm) [ C:\Users\korea\repos\Mika\src\index.js ] => Command leaderboard was loaded
(October 17th 2020, 9:53:33 pm) [ C:\Users\korea\repos\Mika\src\index.js ] => Command shop was loaded
(October 17th 2020, 9:53:33 pm) [ C:\Users\korea\repos\Mika\src\index.js ] => Command help was loaded
(October 17th 2020, 9:53:33 pm) [ C:\Users\korea\repos\Mika\src\index.js ] => Command additem was loaded
(October 17th 2020, 9:53:33 pm) [ C:\Users\korea\repos\Mika\src\index.js ] => Command edititem was loaded
(October 17th 2020, 9:53:35 pm) [ C:\Users\korea\repos\Mika\src\index.js ] => Mika Test is ready
(October 17th 2020, 9:56:51 pm) [ C:\Users\korea\repos\Mika\src\index.js ] => Event ready was loaded.
(October 17th 2020, 9:56:51 pm) [ C:\Users\korea\repos\Mika\src\index.js ] => Event message was loaded.
(October 17th 2020, 9:56:51 pm) [ C:\Users\korea\repos\Mika\src\index.js ] => Command afk was loaded
(October 17th 2020, 9:56:51 pm) [ C:\Users\korea\repos\Mika\src\index.js ] => Command ping was loaded
(October 17th 2020, 9:56:51 pm) [ C:\Users\korea\repos\Mika\src\index.js ] => Command profile was loaded
(October 17th 2020, 9:56:51 pm) [ C:\Users\korea\repos\Mika\src\index.js ] => Command vote was loaded
(October 17th 2020, 9:56:51 pm) [ C:\Users\korea\repos\Mika\src\index.js ] => Command daily was loaded
(October 17th 2020, 9:56:51 pm) [ C:\Users\korea\repos\Mika\src\index.js ] => Command leaderboard was loaded
(October 17th 2020, 9:56:51 pm) [ C:\Users\korea\repos\Mika\src\index.js ] => Command shop was loaded
(October 17th 2020, 9:56:51 pm) [ C:\Users\korea\repos\Mika\src\index.js ] => Command help was loaded
(October 17th 2020, 9:56:51 pm) [ C:\Users\korea\repos\Mika\src\index.js ] => Command additem was loaded
(October 17th 2020, 9:56:51 pm) [ C:\Users\korea\repos\Mika\src\index.js ] => Command edititem was loaded
(October 17th 2020, 9:56:55 pm) [ C:\Users\korea\repos\Mika\src\index.js ] => Mika Test is ready
(October 17th 2020, 9:58:26 pm) [ C:\Users\korea\repos\Mika\src\index.js ] => Event ready was loaded.
(October 17th 2020, 9:58:26 pm) [ C:\Users\korea\repos\Mika\src\index.js ] => Event message was loaded.
(October 17th 2020, 9:58:26 pm) [ C:\Users\korea\repos\Mika\src\index.js ] => Command afk was loaded
(October 17th 2020, 9:58:26 pm) [ C:\Users\korea\repos\Mika\src\index.js ] => Command ping was loaded
(October 17th 2020, 9:58:26 pm) [ C:\Users\korea\repos\Mika\src\index.js ] => Command profile was loaded
(October 17th 2020, 9:58:26 pm) [ C:\Users\korea\repos\Mika\src\index.js ] => Command vote was loaded
(October 17th 2020, 9:58:26 pm) [ C:\Users\korea\repos\Mika\src\index.js ] => Command daily was loaded
(October 17th 2020, 9:58:26 pm) [ C:\Users\korea\repos\Mika\src\index.js ] => Command leaderboard was loaded
(October 17th 2020, 9:58:26 pm) [ C:\Users\korea\repos\Mika\src\index.js ] => Command shop was loaded
(October 17th 2020, 9:58:26 pm) [ C:\Users\korea\repos\Mika\src\index.js ] => Command help was loaded
(October 17th 2020, 9:58:26 pm) [ C:\Users\korea\repos\Mika\src\index.js ] => Command additem was loaded
(October 17th 2020, 9:58:26 pm) [ C:\Users\korea\repos\Mika\src\index.js ] => Command edititem was loaded
(October 17th 2020, 9:58:28 pm) [ C:\Users\korea\repos\Mika\src\index.js ] => Mika Test is ready
(October 17th 2020, 10:04:06 pm) [ C:\Users\korea\repos\Mika\src\index.js ] => Event ready was loaded.
(October 17th 2020, 10:04:06 pm) [ C:\Users\korea\repos\Mika\src\index.js ] => Event message was loaded.
(October 17th 2020, 10:04:06 pm) [ C:\Users\korea\repos\Mika\src\index.js ] => Command afk was loaded
(October 17th 2020, 10:04:06 pm) [ C:\Users\korea\repos\Mika\src\index.js ] => Command ping was loaded
(October 17th 2020, 10:04:06 pm) [ C:\Users\korea\repos\Mika\src\index.js ] => Command profile was loaded
(October 17th 2020, 10:04:06 pm) [ C:\Users\korea\repos\Mika\src\index.js ] => Command vote was loaded
(October 17th 2020, 10:04:06 pm) [ C:\Users\korea\repos\Mika\src\index.js ] => Command daily was loaded
(October 17th 2020, 10:04:06 pm) [ C:\Users\korea\repos\Mika\src\index.js ] => Command leaderboard was loaded
(October 17th 2020, 10:04:06 pm) [ C:\Users\korea\repos\Mika\src\index.js ] => Command shop was loaded
(October 17th 2020, 10:04:06 pm) [ C:\Users\korea\repos\Mika\src\index.js ] => Command help was loaded
(October 17th 2020, 10:04:06 pm) [ C:\Users\korea\repos\Mika\src\index.js ] => Command additem was loaded
--------------------------------------------------------------------------------------------------------------------------------------
(October 17th 2020, 10:04:25 pm) [ C:\Users\korea\repos\Mika\src\index.js ] => Event ready was loaded.
(October 17th 2020, 10:04:25 pm) [ C:\Users\korea\repos\Mika\src\index.js ] => Event message was loaded.
(October 17th 2020, 10:04:25 pm) [ C:\Users\korea\repos\Mika\src\index.js ] => Command afk was loaded
(October 17th 2020, 10:04:25 pm) [ C:\Users\korea\repos\Mika\src\index.js ] => Command ping was loaded
(October 17th 2020, 10:04:25 pm) [ C:\Users\korea\repos\Mika\src\index.js ] => Command profile was loaded
(October 17th 2020, 10:04:25 pm) [ C:\Users\korea\repos\Mika\src\index.js ] => Command vote was loaded
(October 17th 2020, 10:04:25 pm) [ C:\Users\korea\repos\Mika\src\index.js ] => Command daily was loaded
(October 17th 2020, 10:04:25 pm) [ C:\Users\korea\repos\Mika\src\index.js ] => Command leaderboard was loaded
(October 17th 2020, 10:04:25 pm) [ C:\Users\korea\repos\Mika\src\index.js ] => Command shop was loaded
(October 17th 2020, 10:04:25 pm) [ C:\Users\korea\repos\Mika\src\index.js ] => Command help was loaded
(October 17th 2020, 10:04:25 pm) [ C:\Users\korea\repos\Mika\src\index.js ] => Command additem was loaded
(October 17th 2020, 10:04:25 pm) [ C:\Users\korea\repos\Mika\src\index.js ] => Command deleteitem was loaded
(October 17th 2020, 10:04:25 pm) [ C:\Users\korea\repos\Mika\src\index.js ] => Command edititem was loaded
(October 17th 2020, 10:04:26 pm) [ C:\Users\korea\repos\Mika\src\index.js ] => Mika Test is ready
(October 17th 2020, 10:10:59 pm) [ C:\Users\korea\repos\Mika\src\index.js ] => Event ready was loaded.
(October 17th 2020, 10:10:59 pm) [ C:\Users\korea\repos\Mika\src\index.js ] => Event message was loaded.
(October 17th 2020, 10:10:59 pm) [ C:\Users\korea\repos\Mika\src\index.js ] => Command afk was loaded
(October 17th 2020, 10:10:59 pm) [ C:\Users\korea\repos\Mika\src\index.js ] => Command ping was loaded
(October 17th 2020, 10:10:59 pm) [ C:\Users\korea\repos\Mika\src\index.js ] => Command profile was loaded
(October 17th 2020, 10:10:59 pm) [ C:\Users\korea\repos\Mika\src\index.js ] => Command vote was loaded
(October 17th 2020, 10:10:59 pm) [ C:\Users\korea\repos\Mika\src\index.js ] => Command daily was loaded
(October 17th 2020, 10:10:59 pm) [ C:\Users\korea\repos\Mika\src\index.js ] => Command leaderboard was loaded
(October 17th 2020, 10:10:59 pm) [ C:\Users\korea\repos\Mika\src\index.js ] => Command shop was loaded
(October 17th 2020, 10:10:59 pm) [ C:\Users\korea\repos\Mika\src\index.js ] => Command help was loaded
(October 17th 2020, 10:10:59 pm) [ C:\Users\korea\repos\Mika\src\index.js ] => Command additem was loaded
(October 17th 2020, 10:10:59 pm) [ C:\Users\korea\repos\Mika\src\index.js ] => Command deleteitem was loaded
(October 17th 2020, 10:10:59 pm) [ C:\Users\korea\repos\Mika\src\index.js ] => Command downtime was loaded
(October 17th 2020, 10:10:59 pm) [ C:\Users\korea\repos\Mika\src\index.js ] => Command edititem was loaded
(October 17th 2020, 10:11:00 pm) [ C:\Users\korea\repos\Mika\src\index.js ] => Mika Test is ready
(October 17th 2020, 10:11:31 pm) [ C:\Users\korea\repos\Mika\src\index.js ] => Event ready was loaded.
(October 17th 2020, 10:11:31 pm) [ C:\Users\korea\repos\Mika\src\index.js ] => Event message was loaded.
(October 17th 2020, 10:11:31 pm) [ C:\Users\korea\repos\Mika\src\index.js ] => Command afk was loaded
(October 17th 2020, 10:11:31 pm) [ C:\Users\korea\repos\Mika\src\index.js ] => Command ping was loaded
(October 17th 2020, 10:11:31 pm) [ C:\Users\korea\repos\Mika\src\index.js ] => Command profile was loaded
(October 17th 2020, 10:11:31 pm) [ C:\Users\korea\repos\Mika\src\index.js ] => Command vote was loaded
(October 17th 2020, 10:11:31 pm) [ C:\Users\korea\repos\Mika\src\index.js ] => Command daily was loaded
(October 17th 2020, 10:11:31 pm) [ C:\Users\korea\repos\Mika\src\index.js ] => Command leaderboard was loaded
(October 17th 2020, 10:11:31 pm) [ C:\Users\korea\repos\Mika\src\index.js ] => Command shop was loaded
(October 17th 2020, 10:11:31 pm) [ C:\Users\korea\repos\Mika\src\index.js ] => Command help was loaded
(October 17th 2020, 10:11:31 pm) [ C:\Users\korea\repos\Mika\src\index.js ] => Command additem was loaded
(October 17th 2020, 10:11:31 pm) [ C:\Users\korea\repos\Mika\src\index.js ] => Command deleteitem was loaded
(October 17th 2020, 10:11:31 pm) [ C:\Users\korea\repos\Mika\src\index.js ] => Command downtime was loaded
(October 17th 2020, 10:11:31 pm) [ C:\Users\korea\repos\Mika\src\index.js ] => Command edititem was loaded
(October 17th 2020, 10:11:32 pm) [ C:\Users\korea\repos\Mika\src\index.js ] => Mika Test is ready
(October 17th 2020, 10:12:25 pm) [ C:\Users\korea\repos\Mika\src\index.js ] => Event ready was loaded.
(October 17th 2020, 10:12:25 pm) [ C:\Users\korea\repos\Mika\src\index.js ] => Event message was loaded.
(October 17th 2020, 10:12:25 pm) [ C:\Users\korea\repos\Mika\src\index.js ] => Command afk was loaded
(October 17th 2020, 10:12:25 pm) [ C:\Users\korea\repos\Mika\src\index.js ] => Command ping was loaded
(October 17th 2020, 10:12:25 pm) [ C:\Users\korea\repos\Mika\src\index.js ] => Command profile was loaded
(October 17th 2020, 10:12:25 pm) [ C:\Users\korea\repos\Mika\src\index.js ] => Command vote was loaded
(October 17th 2020, 10:12:25 pm) [ C:\Users\korea\repos\Mika\src\index.js ] => Command daily was loaded
(October 17th 2020, 10:12:25 pm) [ C:\Users\korea\repos\Mika\src\index.js ] => Command leaderboard was loaded
(October 17th 2020, 10:12:25 pm) [ C:\Users\korea\repos\Mika\src\index.js ] => Command shop was loaded
(October 17th 2020, 10:12:25 pm) [ C:\Users\korea\repos\Mika\src\index.js ] => Command help was loaded
(October 17th 2020, 10:12:25 pm) [ C:\Users\korea\repos\Mika\src\index.js ] => Command additem was loaded
(October 17th 2020, 10:12:25 pm) [ C:\Users\korea\repos\Mika\src\index.js ] => Command deleteitem was loaded
(October 17th 2020, 10:12:25 pm) [ C:\Users\korea\repos\Mika\src\index.js ] => Command downtime was loaded
(October 17th 2020, 10:12:25 pm) [ C:\Users\korea\repos\Mika\src\index.js ] => Command edititem was loaded
(October 17th 2020, 10:12:26 pm) [ C:\Users\korea\repos\Mika\src\index.js ] => Mika Test is ready
(October 17th 2020, 10:12:42 pm) [ C:\Users\korea\repos\Mika\src\index.js ] => Event ready was loaded.
(October 17th 2020, 10:12:42 pm) [ C:\Users\korea\repos\Mika\src\index.js ] => Event message was loaded.
(October 17th 2020, 10:12:42 pm) [ C:\Users\korea\repos\Mika\src\index.js ] => Command afk was loaded
(October 17th 2020, 10:12:42 pm) [ C:\Users\korea\repos\Mika\src\index.js ] => Command ping was loaded
(October 17th 2020, 10:12:42 pm) [ C:\Users\korea\repos\Mika\src\index.js ] => Command profile was loaded
(October 17th 2020, 10:12:42 pm) [ C:\Users\korea\repos\Mika\src\index.js ] => Command vote was loaded
(October 17th 2020, 10:12:42 pm) [ C:\Users\korea\repos\Mika\src\index.js ] => Command daily was loaded
(October 17th 2020, 10:12:42 pm) [ C:\Users\korea\repos\Mika\src\index.js ] => Command leaderboard was loaded
(October 17th 2020, 10:12:42 pm) [ C:\Users\korea\repos\Mika\src\index.js ] => Command shop was loaded
(October 17th 2020, 10:12:42 pm) [ C:\Users\korea\repos\Mika\src\index.js ] => Command help was loaded
(October 17th 2020, 10:12:42 pm) [ C:\Users\korea\repos\Mika\src\index.js ] => Command additem was loaded
(October 17th 2020, 10:12:42 pm) [ C:\Users\korea\repos\Mika\src\index.js ] => Command deleteitem was loaded
(October 17th 2020, 10:12:42 pm) [ C:\Users\korea\repos\Mika\src\index.js ] => Command downtime was loaded
(October 17th 2020, 10:12:42 pm) [ C:\Users\korea\repos\Mika\src\index.js ] => Command edititem was loaded
(October 17th 2020, 10:12:43 pm) [ C:\Users\korea\repos\Mika\src\index.js ] => Mika Test is ready