                                                ____                 _ __          
                                               /  _/__  ___ ________(_) /  ___ ____
                                              _/ // _ \(_-</ __/ __/ / _ \/ -_) __/
                                             /___/_//_/___/\__/_/ /_/_.__/\__/_/   
                                          -------------------------------------------
-----------------------------------------|INFO LOG FILE OF 2020-10-16T09:15:00-07:00|------------------------------------------------
                                          -------------------------------------------
(October 16th 2020, 9:15:00 am) [ C:\Users\korea\repos\Mika\src\index.js ] => Event ready was loaded.
(October 16th 2020, 9:15:00 am) [ C:\Users\korea\repos\Mika\src\index.js ] => Event message was loaded.
(October 16th 2020, 9:15:00 am) [ C:\Users\korea\repos\Mika\src\index.js ] => Command ping was loaded
(October 16th 2020, 9:15:00 am) [ C:\Users\korea\repos\Mika\src\index.js ] => Command profile was loaded
(October 16th 2020, 9:15:00 am) [ C:\Users\korea\repos\Mika\src\index.js ] => Command daily was loaded
(October 16th 2020, 9:15:00 am) [ C:\Users\korea\repos\Mika\src\index.js ] => Command leaderboard was loaded
(October 16th 2020, 9:15:00 am) [ C:\Users\korea\repos\Mika\src\index.js ] => Command help was loaded
(October 16th 2020, 9:15:00 am) [ C:\Users\korea\repos\Mika\src\index.js ] => Command db was loaded
(October 16th 2020, 9:15:01 am) [ C:\Users\korea\repos\Mika\src\index.js ] => Mika is ready
(October 16th 2020, 9:26:26 am) [ C:\Users\korea\repos\Mika\src\index.js ] => Event ready was loaded.
(October 16th 2020, 9:26:26 am) [ C:\Users\korea\repos\Mika\src\index.js ] => Event message was loaded.
(October 16th 2020, 9:26:26 am) [ C:\Users\korea\repos\Mika\src\index.js ] => Command ping was loaded
(October 16th 2020, 9:26:26 am) [ C:\Users\korea\repos\Mika\src\index.js ] => Command profile was loaded
(October 16th 2020, 9:26:26 am) [ C:\Users\korea\repos\Mika\src\index.js ] => Command vote was loaded
(October 16th 2020, 9:26:26 am) [ C:\Users\korea\repos\Mika\src\index.js ] => Command daily was loaded
(October 16th 2020, 9:26:26 am) [ C:\Users\korea\repos\Mika\src\index.js ] => Command leaderboard was loaded
(October 16th 2020, 9:26:26 am) [ C:\Users\korea\repos\Mika\src\index.js ] => Command help was loaded
(October 16th 2020, 9:26:27 am) [ C:\Users\korea\repos\Mika\src\index.js ] => Mika is ready
(October 16th 2020, 9:27:17 am) [ C:\Users\korea\repos\Mika\src\index.js ] => Event ready was loaded.
(October 16th 2020, 9:27:17 am) [ C:\Users\korea\repos\Mika\src\index.js ] => Event message was loaded.
(October 16th 2020, 9:27:17 am) [ C:\Users\korea\repos\Mika\src\index.js ] => Command ping was loaded
(October 16th 2020, 9:27:17 am) [ C:\Users\korea\repos\Mika\src\index.js ] => Command profile was loaded
(October 16th 2020, 9:27:17 am) [ C:\Users\korea\repos\Mika\src\index.js ] => Command vote was loaded
(October 16th 2020, 9:27:17 am) [ C:\Users\korea\repos\Mika\src\index.js ] => Command daily was loaded
(October 16th 2020, 9:27:17 am) [ C:\Users\korea\repos\Mika\src\index.js ] => Command leaderboard was loaded
(October 16th 2020, 9:27:17 am) [ C:\Users\korea\repos\Mika\src\index.js ] => Command help was loaded
(October 16th 2020, 9:27:18 am) [ C:\Users\korea\repos\Mika\src\index.js ] => Mika is ready
(October 16th 2020, 9:28:46 am) [ C:\Users\korea\repos\Mika\src\index.js ] => Event ready was loaded.
(October 16th 2020, 9:28:46 am) [ C:\Users\korea\repos\Mika\src\index.js ] => Event message was loaded.
(October 16th 2020, 9:28:46 am) [ C:\Users\korea\repos\Mika\src\index.js ] => Command ping was loaded
(October 16th 2020, 9:28:46 am) [ C:\Users\korea\repos\Mika\src\index.js ] => Command profile was loaded
(October 16th 2020, 9:28:46 am) [ C:\Users\korea\repos\Mika\src\index.js ] => Command vote was loaded
(October 16th 2020, 9:28:46 am) [ C:\Users\korea\repos\Mika\src\index.js ] => Command daily was loaded
(October 16th 2020, 9:28:46 am) [ C:\Users\korea\repos\Mika\src\index.js ] => Command leaderboard was loaded
(October 16th 2020, 9:28:46 am) [ C:\Users\korea\repos\Mika\src\index.js ] => Command help was loaded
(October 16th 2020, 9:28:47 am) [ C:\Users\korea\repos\Mika\src\index.js ] => Mika is ready
(October 16th 2020, 9:29:42 am) [ C:\Users\korea\repos\Mika\src\index.js ] => Event ready was loaded.
(October 16th 2020, 9:29:42 am) [ C:\Users\korea\repos\Mika\src\index.js ] => Event message was loaded.
(October 16th 2020, 9:29:42 am) [ C:\Users\korea\repos\Mika\src\index.js ] => Command ping was loaded
(October 16th 2020, 9:29:42 am) [ C:\Users\korea\repos\Mika\src\index.js ] => Command profile was loaded
(October 16th 2020, 9:29:42 am) [ C:\Users\korea\repos\Mika\src\index.js ] => Command vote was loaded
(October 16th 2020, 9:29:42 am) [ C:\Users\korea\repos\Mika\src\index.js ] => Command daily was loaded
(October 16th 2020, 9:29:42 am) [ C:\Users\korea\repos\Mika\src\index.js ] => Command leaderboard was loaded
(October 16th 2020, 9:29:42 am) [ C:\Users\korea\repos\Mika\src\index.js ] => Command help was loaded
(October 16th 2020, 9:29:43 am) [ C:\Users\korea\repos\Mika\src\index.js ] => Mika is ready
(October 16th 2020, 9:31:09 am) [ C:\Users\korea\repos\Mika\src\index.js ] => Event ready was loaded.
(October 16th 2020, 9:31:09 am) [ C:\Users\korea\repos\Mika\src\index.js ] => Event message was loaded.
(October 16th 2020, 9:31:09 am) [ C:\Users\korea\repos\Mika\src\index.js ] => Command ping was loaded
(October 16th 2020, 9:31:09 am) [ C:\Users\korea\repos\Mika\src\index.js ] => Command profile was loaded
(October 16th 2020, 9:31:09 am) [ C:\Users\korea\repos\Mika\src\index.js ] => Command vote was loaded
(October 16th 2020, 9:31:09 am) [ C:\Users\korea\repos\Mika\src\index.js ] => Command daily was loaded
(October 16th 2020, 9:31:09 am) [ C:\Users\korea\repos\Mika\src\index.js ] => Command leaderboard was loaded
(October 16th 2020, 9:31:09 am) [ C:\Users\korea\repos\Mika\src\index.js ] => Command help was loaded
(October 16th 2020, 9:31:10 am) [ C:\Users\korea\repos\Mika\src\index.js ] => Mika is ready
(October 16th 2020, 9:37:11 am) [ C:\Users\korea\repos\Mika\src\index.js ] => Event ready was loaded.
(October 16th 2020, 9:37:11 am) [ C:\Users\korea\repos\Mika\src\index.js ] => Event message was loaded.
(October 16th 2020, 9:37:11 am) [ C:\Users\korea\repos\Mika\src\index.js ] => Command ping was loaded
(October 16th 2020, 9:37:11 am) [ C:\Users\korea\repos\Mika\src\index.js ] => Command profile was loaded
(October 16th 2020, 9:37:11 am) [ C:\Users\korea\repos\Mika\src\index.js ] => Command vote was loaded
(October 16th 2020, 9:37:11 am) [ C:\Users\korea\repos\Mika\src\index.js ] => Command daily was loaded
--------------------------------------------------------------------------------------------------------------------------------------
(October 16th 2020, 9:38:04 am) [ C:\Users\korea\repos\Mika\src\index.js ] => Event ready was loaded.
(October 16th 2020, 9:38:04 am) [ C:\Users\korea\repos\Mika\src\index.js ] => Event message was loaded.
(October 16th 2020, 9:38:04 am) [ C:\Users\korea\repos\Mika\src\index.js ] => Command ping was loaded
(October 16th 2020, 9:38:04 am) [ C:\Users\korea\repos\Mika\src\index.js ] => Command profile was loaded
(October 16th 2020, 9:38:04 am) [ C:\Users\korea\repos\Mika\src\index.js ] => Command vote was loaded
(October 16th 2020, 9:38:04 am) [ C:\Users\korea\repos\Mika\src\index.js ] => Command daily was loaded
--------------------------------------------------------------------------------------------------------------------------------------
(October 16th 2020, 9:38:42 am) [ C:\Users\korea\repos\Mika\src\index.js ] => Event ready was loaded.
(October 16th 2020, 9:38:42 am) [ C:\Users\korea\repos\Mika\src\index.js ] => Event message was loaded.
(October 16th 2020, 9:38:42 am) [ C:\Users\korea\repos\Mika\src\index.js ] => Command ping was loaded
(October 16th 2020, 9:38:42 am) [ C:\Users\korea\repos\Mika\src\index.js ] => Command profile was loaded
(October 16th 2020, 9:38:42 am) [ C:\Users\korea\repos\Mika\src\index.js ] => Command vote was loaded
(October 16th 2020, 9:38:42 am) [ C:\Users\korea\repos\Mika\src\index.js ] => Command daily was loaded
--------------------------------------------------------------------------------------------------------------------------------------
(October 16th 2020, 9:39:07 am) [ C:\Users\korea\repos\Mika\src\index.js ] => Event ready was loaded.
(October 16th 2020, 9:39:07 am) [ C:\Users\korea\repos\Mika\src\index.js ] => Event message was loaded.
(October 16th 2020, 9:39:07 am) [ C:\Users\korea\repos\Mika\src\index.js ] => Command ping was loaded
(October 16th 2020, 9:39:07 am) [ C:\Users\korea\repos\Mika\src\index.js ] => Command profile was loaded
(October 16th 2020, 9:39:07 am) [ C:\Users\korea\repos\Mika\src\index.js ] => Command vote was loaded
(October 16th 2020, 9:39:07 am) [ C:\Users\korea\repos\Mika\src\index.js ] => Command daily was loaded
(October 16th 2020, 9:39:07 am) [ C:\Users\korea\repos\Mika\src\index.js ] => Command leaderboard was loaded
(October 16th 2020, 9:39:07 am) [ C:\Users\korea\repos\Mika\src\index.js ] => Command help was loaded
(October 16th 2020, 9:39:08 am) [ C:\Users\korea\repos\Mika\src\index.js ] => Mika is ready
(October 16th 2020, 9:39:24 am) [ C:\Users\korea\repos\Mika\src\index.js ] => Event ready was loaded.
(October 16th 2020, 9:39:24 am) [ C:\Users\korea\repos\Mika\src\index.js ] => Event message was loaded.
(October 16th 2020, 9:39:24 am) [ C:\Users\korea\repos\Mika\src\index.js ] => Command ping was loaded
(October 16th 2020, 9:39:24 am) [ C:\Users\korea\repos\Mika\src\index.js ] => Command profile was loaded
(October 16th 2020, 9:39:24 am) [ C:\Users\korea\repos\Mika\src\index.js ] => Command vote was loaded
(October 16th 2020, 9:39:24 am) [ C:\Users\korea\repos\Mika\src\index.js ] => Command daily was loaded
(October 16th 2020, 9:39:24 am) [ C:\Users\korea\repos\Mika\src\index.js ] => Command leaderboard was loaded
(October 16th 2020, 9:39:24 am) [ C:\Users\korea\repos\Mika\src\index.js ] => Command help was loaded
(October 16th 2020, 9:39:25 am) [ C:\Users\korea\repos\Mika\src\index.js ] => Mika is ready
(October 16th 2020, 9:40:47 am) [ C:\Users\korea\repos\Mika\src\index.js ] => Event ready was loaded.
(October 16th 2020, 9:40:47 am) [ C:\Users\korea\repos\Mika\src\index.js ] => Event message was loaded.
(October 16th 2020, 9:40:47 am) [ C:\Users\korea\repos\Mika\src\index.js ] => Command ping was loaded
(October 16th 2020, 9:40:47 am) [ C:\Users\korea\repos\Mika\src\index.js ] => Command profile was loaded
(October 16th 2020, 9:40:47 am) [ C:\Users\korea\repos\Mika\src\index.js ] => Command vote was loaded
(October 16th 2020, 9:40:47 am) [ C:\Users\korea\repos\Mika\src\index.js ] => Command daily was loaded
(October 16th 2020, 9:40:47 am) [ C:\Users\korea\repos\Mika\src\index.js ] => Command leaderboard was loaded
(October 16th 2020, 9:40:47 am) [ C:\Users\korea\repos\Mika\src\index.js ] => Command help was loaded
(October 16th 2020, 9:40:48 am) [ C:\Users\korea\repos\Mika\src\index.js ] => Mika is ready
(October 16th 2020, 9:41:19 am) [ C:\Users\korea\repos\Mika\src\index.js ] => Event ready was loaded.
(October 16th 2020, 9:41:19 am) [ C:\Users\korea\repos\Mika\src\index.js ] => Event message was loaded.
(October 16th 2020, 9:41:19 am) [ C:\Users\korea\repos\Mika\src\index.js ] => Command ping was loaded
(October 16th 2020, 9:41:19 am) [ C:\Users\korea\repos\Mika\src\index.js ] => Command profile was loaded
(October 16th 2020, 9:41:19 am) [ C:\Users\korea\repos\Mika\src\index.js ] => Command vote was loaded
(October 16th 2020, 9:41:19 am) [ C:\Users\korea\repos\Mika\src\index.js ] => Command daily was loaded
(October 16th 2020, 9:41:19 am) [ C:\Users\korea\repos\Mika\src\index.js ] => Command leaderboard was loaded
(October 16th 2020, 9:41:19 am) [ C:\Users\korea\repos\Mika\src\index.js ] => Command help was loaded
(October 16th 2020, 9:41:20 am) [ C:\Users\korea\repos\Mika\src\index.js ] => Mika is ready
(October 16th 2020, 9:42:31 am) [ C:\Users\korea\repos\Mika\src\index.js ] => Event ready was loaded.
(October 16th 2020, 9:42:31 am) [ C:\Users\korea\repos\Mika\src\index.js ] => Event message was loaded.
(October 16th 2020, 9:42:31 am) [ C:\Users\korea\repos\Mika\src\index.js ] => Command ping was loaded
(October 16th 2020, 9:42:31 am) [ C:\Users\korea\repos\Mika\src\index.js ] => Command profile was loaded
(October 16th 2020, 9:42:31 am) [ C:\Users\korea\repos\Mika\src\index.js ] => Command vote was loaded
(October 16th 2020, 9:42:31 am) [ C:\Users\korea\repos\Mika\src\index.js ] => Command daily was loaded
(October 16th 2020, 9:42:31 am) [ C:\Users\korea\repos\Mika\src\index.js ] => Command leaderboard was loaded
(October 16th 2020, 9:42:31 am) [ C:\Users\korea\repos\Mika\src\index.js ] => Command help was loaded
(October 16th 2020, 9:42:33 am) [ C:\Users\korea\repos\Mika\src\index.js ] => Mika is ready
(October 16th 2020, 9:43:40 am) [ C:\Users\korea\repos\Mika\src\index.js ] => Event ready was loaded.
(October 16th 2020, 9:43:40 am) [ C:\Users\korea\repos\Mika\src\index.js ] => Event message was loaded.
(October 16th 2020, 9:43:40 am) [ C:\Users\korea\repos\Mika\src\index.js ] => Command ping was loaded
(October 16th 2020, 9:43:40 am) [ C:\Users\korea\repos\Mika\src\index.js ] => Command profile was loaded
(October 16th 2020, 9:43:40 am) [ C:\Users\korea\repos\Mika\src\index.js ] => Command vote was loaded
(October 16th 2020, 9:43:40 am) [ C:\Users\korea\repos\Mika\src\index.js ] => Command daily was loaded
(October 16th 2020, 9:43:40 am) [ C:\Users\korea\repos\Mika\src\index.js ] => Command leaderboard was loaded
(October 16th 2020, 9:43:40 am) [ C:\Users\korea\repos\Mika\src\index.js ] => Command help was loaded
(October 16th 2020, 9:43:41 am) [ C:\Users\korea\repos\Mika\src\index.js ] => Mika is ready
(October 16th 2020, 10:04:30 am) [ C:\Users\korea\repos\Mika\src\index.js ] => Event ready was loaded.
(October 16th 2020, 10:04:30 am) [ C:\Users\korea\repos\Mika\src\index.js ] => Event message was loaded.
(October 16th 2020, 10:04:30 am) [ C:\Users\korea\repos\Mika\src\index.js ] => Command afk was loaded
(October 16th 2020, 10:04:30 am) [ C:\Users\korea\repos\Mika\src\index.js ] => Command ping was loaded
(October 16th 2020, 10:04:30 am) [ C:\Users\korea\repos\Mika\src\index.js ] => Command profile was loaded
(October 16th 2020, 10:04:30 am) [ C:\Users\korea\repos\Mika\src\index.js ] => Command vote was loaded
(October 16th 2020, 10:04:30 am) [ C:\Users\korea\repos\Mika\src\index.js ] => Command daily was loaded
(October 16th 2020, 10:04:30 am) [ C:\Users\korea\repos\Mika\src\index.js ] => Command leaderboard was loaded
(October 16th 2020, 10:04:30 am) [ C:\Users\korea\repos\Mika\src\index.js ] => Command help was loaded
(October 16th 2020, 10:04:31 am) [ C:\Users\korea\repos\Mika\src\index.js ] => Mika is ready
(October 16th 2020, 10:06:28 am) [ C:\Users\korea\repos\Mika\src\index.js ] => Event ready was loaded.
(October 16th 2020, 10:06:28 am) [ C:\Users\korea\repos\Mika\src\index.js ] => Event message was loaded.
(October 16th 2020, 10:06:28 am) [ C:\Users\korea\repos\Mika\src\index.js ] => Command afk was loaded
(October 16th 2020, 10:06:28 am) [ C:\Users\korea\repos\Mika\src\index.js ] => Command ping was loaded
(October 16th 2020, 10:06:28 am) [ C:\Users\korea\repos\Mika\src\index.js ] => Command profile was loaded
(October 16th 2020, 10:06:28 am) [ C:\Users\korea\repos\Mika\src\index.js ] => Command vote was loaded
(October 16th 2020, 10:06:28 am) [ C:\Users\korea\repos\Mika\src\index.js ] => Command daily was loaded
(October 16th 2020, 10:06:28 am) [ C:\Users\korea\repos\Mika\src\index.js ] => Command leaderboard was loaded
(October 16th 2020, 10:06:28 am) [ C:\Users\korea\repos\Mika\src\index.js ] => Command help was loaded
(October 16th 2020, 10:06:29 am) [ C:\Users\korea\repos\Mika\src\index.js ] => Mika is ready